<?xml version="1.0" encoding="UTF-8"?>
<!-- Generated by org.testng.reporters.JUnitReportReporter -->
<testsuite hostname="LAPTOP-2I09E2IK" failures="0" tests="1" name="test.Login" time="34.235" errors="0" timestamp="2023-02-18T02:12:16 IST" skipped="0">
  <testcase classname="test.Login" name="signup" time="34.235"/>
  <system-out/>
</testsuite> <!-- test.Login -->
