<?xml version="1.0" encoding="UTF-8"?>
<!-- Generated by org.testng.reporters.JUnitReportReporter -->
<testsuite hostname="LAPTOP-2I09E2IK" failures="0" tests="1" name="test.Signup" time="29.268" errors="0" timestamp="2023-02-18T02:20:59 IST" skipped="0">
  <testcase classname="test.Signup" name="signup" time="29.268"/>
  <system-out/>
</testsuite> <!-- test.Signup -->
