<?xml version="1.0" encoding="UTF-8"?>
<!-- Generated by org.testng.reporters.JUnitReportReporter -->
<testsuite hostname="LAPTOP-2I09E2IK" failures="0" tests="4" name="testC.Class3" time="0.060" errors="0" timestamp="2023-02-16T10:03:31 IST" skipped="0">
  <testcase classname="testC.Class3" name="method3b" time="0.022"/>
  <system-out/>
  <testcase classname="testC.Class3" name="method3a" time="0.024"/>
  <system-out/>
  <testcase classname="testC.Class3" name="method3c" time="0.008"/>
  <system-out/>
  <testcase classname="testC.Class3" name="method3d" time="0.006"/>
  <system-out/>
</testsuite> <!-- testC.Class3 -->
