<?xml version="1.0" encoding="UTF-8"?>
<!-- Generated by org.testng.reporters.JUnitReportReporter -->
<testsuite hostname="LAPTOP-2I09E2IK" failures="0" tests="1" name="testA.Class1" time="12.518" errors="0" timestamp="2023-02-18T00:40:23 IST" skipped="0">
  <testcase classname="testA.Class1" name="method1a" time="12.518"/>
  <system-out/>
</testsuite> <!-- testA.Class1 -->
