<?xml version="1.0" encoding="UTF-8"?>
<!-- Generated by org.testng.reporters.JUnitReportReporter -->
<testsuite hostname="LAPTOP-2I09E2IK" failures="0" tests="4" name="testB.Class2" time="0.072" errors="0" timestamp="2023-02-16T10:03:31 IST" skipped="0">
  <testcase classname="testB.Class2" name="method2d" time="0.017"/>
  <system-out/>
  <testcase classname="testB.Class2" name="method2c" time="0.019"/>
  <system-out/>
  <testcase classname="testB.Class2" name="method2a" time="0.017"/>
  <system-out/>
  <testcase classname="testB.Class2" name="method2b" time="0.019"/>
  <system-out/>
</testsuite> <!-- testB.Class2 -->
